
> angelina-chan@0.0.1-alpha.4 start
> node ./src/index.js

node:internal/fs/utils:344
    throw err;
    ^

Error: ENOENT: no such file or directory, scandir './cmd'
    at Object.readdirSync (node:fs:1390:3)
    at Object.<anonymous> (/mnt/angelina-chan-sc/src/index.js:21:4)
    at Module._compile (node:internal/modules/cjs/loader:1095:14)
    at Object.Module._extensions..js (node:internal/modules/cjs/loader:1147:10)
    at Module.load (node:internal/modules/cjs/loader:975:32)
    at Function.Module._load (node:internal/modules/cjs/loader:822:12)
    at Function.executeUserEntryPoint [as runMain] (node:internal/modules/run_main:81:12)
    at node:internal/main/run_main_module:17:47 {
  errno: -2,
  syscall: 'scandir',
  code: 'ENOENT',
  path: './cmd'
}

Node.js v17.0.1
